<?xml version="1.0" encoding="UTF-8"?>
<!-- Generated by org.testng.reporters.JUnitReportReporter -->
<testsuite hostname="veplpunlap-023" failures="0" tests="1" name="Regression.Regression" time="111.576" errors="0" timestamp="21 Oct 2021 06:58:36 GMT" skipped="0">
  <testcase classname="Regression.Regression" name="tc_01" time="111.576"/>
</testsuite> <!-- Regression.Regression -->
